2025-09-05 01:13:47,659 - INFO - Configuration loaded successfully
2025-09-05 01:13:47,660 - ERROR - Failed to start real-time monitoring: You must pass the token you received from https://t.me/Botfather!
2025-09-05 01:15:23,190 - INFO - Configuration loaded successfully
2025-09-05 01:15:23,190 - INFO - Loaded TELEGRAM_BOT_TOKEN from environment variables
2025-09-05 01:15:23,191 - INFO - Loaded TELEGRAM_GROUP_ID from environment variables
2025-09-05 01:15:23,191 - INFO - Loaded SOLANA_RPC from environment variables
2025-09-05 01:15:23,191 - INFO - Loaded TOKEN_MINT from environment variables
2025-09-05 01:15:23,191 - INFO - Loaded WALLET_PRIVATE_KEY from environment variables
2025-09-05 01:15:23,192 - INFO - Loaded TOKENS_PER_SOL from environment variables
2025-09-05 01:15:23,194 - INFO - Loaded MINIMUM_BUY_SOL from environment variables
2025-09-05 01:15:23,194 - INFO - Loaded DISTRIBUTION_RATIO from environment variables
2025-09-05 01:15:23,194 - INFO - Loaded MIN_DISTRIBUTION from environment variables
2025-09-05 01:15:23,194 - INFO - Loaded MAX_DISTRIBUTION from environment variables
2025-09-05 01:15:23,194 - INFO - Loaded AIRDROP_AMOUNT from environment variables
2025-09-05 01:15:23,195 - INFO - Loaded BUY_BUTTON_LINK from environment variables
2025-09-05 01:15:23,195 - INFO - Loaded PRESALE_END_DATE from environment variables
2025-09-05 01:15:23,195 - INFO - Loaded PRESALE_TIMEZONE from environment variables
2025-09-05 01:15:24,145 - ERROR - Failed to setup admin wallet: type object 'solders.keypair.Keypair' has no attribute 'from_secret_key'
2025-09-05 01:15:24,145 - INFO - Real Monitoring Bot initialized successfully
2025-09-05 01:15:24,145 - INFO - Token Mint: 9FwBttHVkmTGECS8oveN26RTQYS4pjbyKf4K3C1jJZ7o
2025-09-05 01:15:24,145 - INFO - Monitoring Active: True
2025-09-05 01:15:24,146 - INFO - Check Interval: 60 seconds
2025-09-05 01:15:24,146 - INFO - Token Distribution: 1 SOL = 7000 CR7 tokens
2025-09-05 01:15:24,146 - INFO - Minimum Buy: 0.2 SOL
2025-09-05 01:15:24,147 - INFO - Distribution Ratio: 100.0%
2025-09-05 01:15:24,147 - INFO - Admin Wallet: Not configured
2025-09-05 01:15:24,147 - INFO - Airdrop Amount: 1000 tokens
2025-09-05 01:15:24,148 - INFO - Starting Real-Time Monitoring Bot
2025-09-05 01:15:25,010 - INFO - Telegram message with image sent successfully
2025-09-05 01:15:27,192 - ERROR - Failed to send Telegram message: Message caption is too long
2025-09-05 01:15:27,193 - INFO - Buy guide sent to group
2025-09-05 01:15:27,193 - INFO - Checking for new real-time transactions...
2025-09-05 01:15:29,114 - INFO - SOL price fetched: $203.55
2025-09-05 01:15:29,114 - INFO - Token amount calculated: 2800.0 (pre: 1400.0, post: 4200.0)
2025-09-05 01:15:29,115 - INFO - REAL BUY DETECTED: 7.9996e-05 SOL from DrgxvHQb9DzgBG5YkP8FyeFAbJp2M54XTzuubt3QfDZP, received 2800.0 tokens
2025-09-05 01:15:29,115 - WARNING - Buy amount 7.9996e-05 SOL is below minimum 0.2 SOL
2025-09-05 01:15:29,115 - INFO - FIRST-TIME USER AIRDROP: 1000 tokens to DrgxvHQb9DzgBG5YkP8FyeFAbJp2M54XTzuubt3QfDZP
2025-09-05 01:15:29,482 - INFO - Telegram message with image sent successfully
2025-09-05 01:15:29,483 - INFO - Real-time buy alert sent: 7.9996e-05 SOL from Drgx...fDZP, 0 tokens distributed, 1000 airdrop
2025-09-05 01:15:29,483 - INFO - Processed latest transaction: 3SHBpuof...
2025-09-05 01:16:29,486 - INFO - Checking for new real-time transactions...
2025-09-05 01:16:30,406 - INFO - No new transactions to process
2025-09-05 01:17:30,419 - INFO - Checking for new real-time transactions...
2025-09-05 01:17:31,340 - INFO - No new transactions to process
2025-09-05 01:18:31,352 - INFO - Checking for new real-time transactions...
2025-09-05 01:18:32,529 - INFO - No new transactions to process
2025-09-05 01:19:32,530 - INFO - Checking for new real-time transactions...
2025-09-05 01:19:33,450 - INFO - No new transactions to process
2025-09-05 01:20:33,460 - INFO - Checking for new real-time transactions...
2025-09-05 01:20:34,442 - INFO - No new transactions to process
2025-09-05 01:21:34,450 - INFO - Checking for new real-time transactions...
2025-09-05 01:21:35,336 - INFO - No new transactions to process
2025-09-05 01:22:35,348 - INFO - Checking for new real-time transactions...
2025-09-05 01:22:36,351 - INFO - No new transactions to process
2025-09-05 01:23:36,355 - INFO - Checking for new real-time transactions...
2025-09-05 01:23:37,254 - INFO - No new transactions to process
2025-09-05 01:24:37,254 - INFO - Checking for new real-time transactions...
2025-09-05 01:24:38,198 - INFO - No new transactions to process
2025-09-05 01:25:38,203 - INFO - Checking for new real-time transactions...
2025-09-05 01:25:39,100 - INFO - No new transactions to process
2025-09-05 01:26:39,108 - INFO - Checking for new real-time transactions...
2025-09-05 01:26:40,015 - INFO - No new transactions to process
2025-09-05 01:27:40,029 - INFO - Checking for new real-time transactions...
2025-09-05 01:27:40,915 - INFO - No new transactions to process
2025-09-05 01:28:40,931 - INFO - Checking for new real-time transactions...
2025-09-05 01:28:42,536 - INFO - SOL price fetched: $203.14
2025-09-05 01:28:42,537 - INFO - Token amount calculated: -6204.0 (pre: 999866524.0, post: 999860320.0)
2025-09-05 01:28:42,537 - INFO - Using post token amount: 6204.0
2025-09-05 01:28:42,538 - INFO - REAL BUY DETECTED: 0.00211928 SOL from DrgxvHQb9DzgBG5YkP8FyeFAbJp2M54XTzuubt3QfDZP, received 6204.0 tokens
2025-09-05 01:28:42,538 - WARNING - Buy amount 0.00211928 SOL is below minimum 0.2 SOL
2025-09-05 01:28:43,333 - INFO - Telegram message with image sent successfully
2025-09-05 01:28:43,334 - INFO - Real-time buy alert sent: 0.00211928 SOL from Drgx...fDZP, 0 tokens distributed, 0 airdrop
2025-09-05 01:28:43,334 - INFO - Processed latest transaction: 5E7EK6BP...
2025-09-05 01:29:43,339 - INFO - Checking for new real-time transactions...
2025-09-05 01:29:44,259 - INFO - No new transactions to process
2025-09-05 01:30:44,266 - INFO - Checking for new real-time transactions...
2025-09-05 01:30:45,169 - INFO - No new transactions to process
2025-09-05 01:31:45,179 - INFO - Checking for new real-time transactions...
2025-09-05 01:31:46,096 - INFO - No new transactions to process
2025-09-05 01:32:46,108 - INFO - Checking for new real-time transactions...
2025-09-05 01:32:47,008 - INFO - No new transactions to process
2025-09-05 01:33:47,021 - INFO - Checking for new real-time transactions...
2025-09-05 01:33:47,976 - INFO - No new transactions to process
2025-09-05 01:34:47,985 - INFO - Checking for new real-time transactions...
2025-09-05 01:34:48,884 - INFO - No new transactions to process
2025-09-05 01:35:48,897 - INFO - Checking for new real-time transactions...
2025-09-05 01:35:49,793 - INFO - No new transactions to process
2025-09-05 01:36:49,795 - INFO - Checking for new real-time transactions...
2025-09-05 01:36:50,670 - INFO - No new transactions to process
2025-09-05 01:37:50,678 - INFO - Checking for new real-time transactions...
2025-09-05 01:37:51,628 - INFO - No new transactions to process
2025-09-05 01:38:51,643 - INFO - Checking for new real-time transactions...
2025-09-05 01:38:52,591 - INFO - No new transactions to process
2025-09-05 01:39:52,598 - INFO - Checking for new real-time transactions...
2025-09-05 01:39:53,483 - INFO - No new transactions to process
2025-09-05 01:40:53,485 - INFO - Checking for new real-time transactions...
2025-09-05 01:40:54,424 - INFO - No new transactions to process
2025-09-05 01:41:54,640 - INFO - Checking for new real-time transactions...
2025-09-05 01:41:55,719 - INFO - No new transactions to process
2025-09-05 01:42:55,826 - INFO - Checking for new real-time transactions...
2025-09-05 01:42:56,777 - INFO - No new transactions to process
2025-09-05 01:43:56,820 - INFO - Checking for new real-time transactions...
2025-09-05 01:43:57,754 - INFO - No new transactions to process
2025-09-05 01:44:57,755 - INFO - Checking for new real-time transactions...
2025-09-05 01:44:58,672 - INFO - No new transactions to process
2025-09-05 01:45:58,677 - INFO - Checking for new real-time transactions...
2025-09-05 01:45:59,610 - INFO - No new transactions to process
2025-09-05 01:46:59,617 - INFO - Checking for new real-time transactions...
2025-09-05 01:47:00,558 - INFO - No new transactions to process
2025-09-05 01:48:00,564 - INFO - Checking for new real-time transactions...
2025-09-05 01:48:01,455 - INFO - No new transactions to process
2025-09-05 01:49:01,466 - INFO - Checking for new real-time transactions...
2025-09-05 01:49:02,430 - INFO - No new transactions to process
2025-09-05 01:50:02,443 - INFO - Checking for new real-time transactions...
2025-09-05 01:50:03,358 - INFO - No new transactions to process
2025-09-05 01:51:03,365 - INFO - Checking for new real-time transactions...
2025-09-05 01:51:04,288 - INFO - No new transactions to process
2025-09-05 01:52:04,303 - INFO - Checking for new real-time transactions...
2025-09-05 01:52:05,287 - INFO - No new transactions to process
2025-09-05 01:53:05,301 - INFO - Checking for new real-time transactions...
2025-09-05 01:53:06,206 - INFO - No new transactions to process
2025-09-05 01:54:06,217 - INFO - Checking for new real-time transactions...
2025-09-05 01:54:07,272 - INFO - No new transactions to process
2025-09-05 01:55:07,288 - INFO - Checking for new real-time transactions...
2025-09-05 01:55:09,877 - INFO - No new transactions to process
2025-09-05 01:56:09,891 - INFO - Checking for new real-time transactions...
2025-09-05 01:56:10,840 - INFO - No new transactions to process
2025-09-05 01:57:10,853 - INFO - Checking for new real-time transactions...
2025-09-05 01:57:11,774 - INFO - No new transactions to process
2025-09-05 01:58:11,783 - INFO - Checking for new real-time transactions...
2025-09-05 01:58:12,893 - INFO - No new transactions to process
2025-09-05 01:59:12,907 - INFO - Checking for new real-time transactions...
2025-09-05 01:59:13,914 - INFO - No new transactions to process
2025-09-05 02:00:13,930 - INFO - Checking for new real-time transactions...
2025-09-05 02:00:14,872 - INFO - No new transactions to process
2025-09-05 02:01:14,875 - INFO - Checking for new real-time transactions...
2025-09-05 02:01:16,364 - INFO - No new transactions to process
2025-09-05 02:02:16,366 - INFO - Checking for new real-time transactions...
2025-09-05 02:02:17,296 - INFO - No new transactions to process
2025-09-05 02:03:17,311 - INFO - Checking for new real-time transactions...
2025-09-05 02:03:18,255 - INFO - No new transactions to process
2025-09-05 02:04:18,267 - INFO - Checking for new real-time transactions...
2025-09-05 02:04:19,686 - INFO - No new transactions to process
2025-09-05 02:05:19,701 - INFO - Checking for new real-time transactions...
2025-09-05 02:05:20,578 - INFO - No new transactions to process
2025-09-05 02:06:20,580 - INFO - Checking for new real-time transactions...
2025-09-05 02:06:21,504 - INFO - No new transactions to process
